<?xml version="1.0" encoding="UTF-8"?>
<!-- Generated by org.testng.reporters.JUnitXMLReporter -->
<testsuite ignored="2" hostname="SagarP" failures="0" tests="2" name="Test(failed)(failed)" time="0.205" errors="0" timestamp="2023-07-01T18:06:55 IST">
  <testcase classname="testNGFail.B" name="g" time="0.028"/>
  <testcase classname="testNGFail.B" name="e" time="0.01"/>
  <testcase classname="testNGFail.B" name="h" time="0.0">
    <ignored/>
  </testcase> <!-- h -->
  <testcase classname="testNGFail.B" name="f" time="0.0">
    <ignored/>
  </testcase> <!-- f -->
</testsuite> <!-- Test(failed)(failed) -->
