<?xml version="1.0" encoding="UTF-8"?>
<!-- Generated by org.testng.reporters.JUnitXMLReporter -->
<testsuite ignored="1" hostname="SagarP" failures="0" tests="3" name="TestB" time="0.327" errors="0" timestamp="2023-07-01T17:53:34 IST">
  <testcase classname="excluseIncludeStudy.B" name="e" time="0.044"/>
  <testcase classname="excluseIncludeStudy.B" name="f" time="0.006"/>
  <testcase classname="excluseIncludeStudy.B" name="g" time="0.024"/>
  <testcase classname="excluseIncludeStudy.B" name="h" time="0.0">
    <ignored/>
  </testcase> <!-- h -->
</testsuite> <!-- TestB -->
