<?xml version="1.0" encoding="UTF-8"?>
<!-- Generated by org.testng.reporters.JUnitXMLReporter -->
<testsuite ignored="0" hostname="SagarP" failures="0" tests="4" name="TestStudy1" time="0.389" errors="0" timestamp="2023-06-15T22:05:03 IST">
  <testcase classname="testNGStudy.DependsOnKeyword" name="b" time="0.029"/>
  <testcase classname="testNGStudy.DependsOnKeyword" name="c" time="0.008"/>
  <testcase classname="testNGStudy.DependsOnKeyword" name="d" time="0.017"/>
  <testcase classname="testNGStudy.DependsOnKeyword" name="a" time="0.024"/>
</testsuite> <!-- TestStudy1 -->
