<?xml version="1.0" encoding="UTF-8"?>
<!-- Generated by org.testng.reporters.JUnitXMLReporter -->
<testsuite ignored="1" hostname="SagarP" failures="0" tests="3" name="TestA" time="0.349" errors="0" timestamp="2023-07-01T17:53:34 IST">
  <testcase classname="excluseIncludeStudy.A" name="a" time="0.045"/>
  <testcase classname="excluseIncludeStudy.A" name="b" time="0.036"/>
  <testcase classname="excluseIncludeStudy.A" name="d" time="0.014"/>
  <testcase classname="excluseIncludeStudy.A" name="c" time="0.0">
    <ignored/>
  </testcase> <!-- c -->
</testsuite> <!-- TestA -->
