<?xml version="1.0" encoding="UTF-8"?>
<!-- Generated by org.testng.reporters.JUnitXMLReporter -->
<testsuite ignored="3" hostname="SagarP" failures="2" tests="5" name="Test(failed)" time="0.31" errors="0" timestamp="2023-07-01T18:06:12 IST">
  <testcase classname="testNGFail.A" name="c" time="0.029"/>
  <testcase classname="testNGFail.A" name="b" time="0.013"/>
  <testcase classname="testNGFail.A" name="a" time="0.009"/>
  <testcase classname="testNGFail.B" name="g" time="0.013">
    <failure type="java.lang.AssertionError" message="null">
      <![CDATA[java.lang.AssertionError: null
at testNGFail.B.g(B.java:20)
at java.base/java.util.ArrayList.forEach(ArrayList.java:1511)
... Removed 29 stack frames]]>
    </failure>
  </testcase> <!-- g -->
  <testcase classname="testNGFail.B" name="e" time="0.019">
    <failure type="java.lang.AssertionError" message="null">
      <![CDATA[java.lang.AssertionError: null
at testNGFail.B.e(B.java:10)
at java.base/java.util.ArrayList.forEach(ArrayList.java:1511)
... Removed 29 stack frames]]>
    </failure>
  </testcase> <!-- e -->
  <testcase classname="testNGFail.A" name="d" time="0.0">
    <ignored/>
  </testcase> <!-- d -->
  <testcase classname="testNGFail.B" name="h" time="0.0">
    <ignored/>
  </testcase> <!-- h -->
  <testcase classname="testNGFail.B" name="f" time="0.0">
    <ignored/>
  </testcase> <!-- f -->
</testsuite> <!-- Test(failed) -->
